Added Component: Designator=C?(C0603)
Added Component: Designator=C?(C0603)
Added Component: Designator=C?(C0603)
Added Component: Designator=C?(C0603)
Added Component: Designator=C?(C0603)
Added Component: Designator=C?(C0603)
Added Component: Designator=C?(C0603)
Added Component: Designator=C?(C0603)
Added Component: Designator=C?(C0603)
Added Component: Designator=C?(C0603)
Added Component: Designator=C?(C0603)
Added Component: Designator=J?(TYPE-C24P)
Added Component: Designator=P?(SIP4)
Add component (AddParameter): Name = "LatestRevisionDate"; Value = "17-Jul-2002"; VariantName = "[No Variations]"
Add component (AddParameter): Name = "LatestRevisionNote"; Value = "Re-released for DXP Platform."; VariantName = "[No Variations]"
Add component (AddParameter): Name = "Publisher"; Value = "Altium Limited"; VariantName = "[No Variations]"
Added Component: Designator=R?(R0603)
Added Component: Designator=R?(R0603)
Added Component: Designator=R?(R0603)
Added Component: Designator=R?(R0603)
Added Component: Designator=R?(R0603)
Added Component: Designator=S?(KEY)
Add component (AddParameter): Name = "LatestRevisionDate"; Value = "17-Jul-2002"; VariantName = "[No Variations]"
Add component (AddParameter): Name = "LatestRevisionNote"; Value = "Re-released for DXP Platform."; VariantName = "[No Variations]"
Add component (AddParameter): Name = "PackageDescription"; Value = "Switch; 2 Leads"; VariantName = "[No Variations]"
Add component (AddParameter): Name = "PackageReference"; Value = "SPST-2"; VariantName = "[No Variations]"
Add component (AddParameter): Name = "Published"; Value = "24-Mar-1999"; VariantName = "[No Variations]"
Add component (AddParameter): Name = "Publisher"; Value = "Altium Limited"; VariantName = "[No Variations]"
Added Component: Designator=S?(KEY)
Add component (AddParameter): Name = "LatestRevisionDate"; Value = "17-Jul-2002"; VariantName = "[No Variations]"
Add component (AddParameter): Name = "LatestRevisionNote"; Value = "Re-released for DXP Platform."; VariantName = "[No Variations]"
Add component (AddParameter): Name = "PackageDescription"; Value = "Switch; 2 Leads"; VariantName = "[No Variations]"
Add component (AddParameter): Name = "PackageReference"; Value = "SPST-2"; VariantName = "[No Variations]"
Add component (AddParameter): Name = "Published"; Value = "24-Mar-1999"; VariantName = "[No Variations]"
Add component (AddParameter): Name = "Publisher"; Value = "Altium Limited"; VariantName = "[No Variations]"
Added Component: Designator=S?(KEY)
Add component (AddParameter): Name = "LatestRevisionDate"; Value = "17-Jul-2002"; VariantName = "[No Variations]"
Add component (AddParameter): Name = "LatestRevisionNote"; Value = "Re-released for DXP Platform."; VariantName = "[No Variations]"
Add component (AddParameter): Name = "PackageDescription"; Value = "Switch; 2 Leads"; VariantName = "[No Variations]"
Add component (AddParameter): Name = "PackageReference"; Value = "SPST-2"; VariantName = "[No Variations]"
Add component (AddParameter): Name = "Published"; Value = "24-Mar-1999"; VariantName = "[No Variations]"
Add component (AddParameter): Name = "Publisher"; Value = "Altium Limited"; VariantName = "[No Variations]"
Added Component: Designator=S?(KEY)
Add component (AddParameter): Name = "LatestRevisionDate"; Value = "17-Jul-2002"; VariantName = "[No Variations]"
Add component (AddParameter): Name = "LatestRevisionNote"; Value = "Re-released for DXP Platform."; VariantName = "[No Variations]"
Add component (AddParameter): Name = "PackageDescription"; Value = "Switch; 2 Leads"; VariantName = "[No Variations]"
Add component (AddParameter): Name = "PackageReference"; Value = "SPST-2"; VariantName = "[No Variations]"
Add component (AddParameter): Name = "Published"; Value = "24-Mar-1999"; VariantName = "[No Variations]"
Add component (AddParameter): Name = "Publisher"; Value = "Altium Limited"; VariantName = "[No Variations]"
Added Component: Designator=S?(KEY)
Add component (AddParameter): Name = "LatestRevisionDate"; Value = "17-Jul-2002"; VariantName = "[No Variations]"
Add component (AddParameter): Name = "LatestRevisionNote"; Value = "Re-released for DXP Platform."; VariantName = "[No Variations]"
Add component (AddParameter): Name = "PackageDescription"; Value = "Switch; 2 Leads"; VariantName = "[No Variations]"
Add component (AddParameter): Name = "PackageReference"; Value = "SPST-2"; VariantName = "[No Variations]"
Add component (AddParameter): Name = "Published"; Value = "24-Mar-1999"; VariantName = "[No Variations]"
Add component (AddParameter): Name = "Publisher"; Value = "Altium Limited"; VariantName = "[No Variations]"
Added Component: Designator=S?(KEY)
Add component (AddParameter): Name = "LatestRevisionDate"; Value = "17-Jul-2002"; VariantName = "[No Variations]"
Add component (AddParameter): Name = "LatestRevisionNote"; Value = "Re-released for DXP Platform."; VariantName = "[No Variations]"
Add component (AddParameter): Name = "PackageDescription"; Value = "Switch; 2 Leads"; VariantName = "[No Variations]"
Add component (AddParameter): Name = "PackageReference"; Value = "SPST-2"; VariantName = "[No Variations]"
Add component (AddParameter): Name = "Published"; Value = "24-Mar-1999"; VariantName = "[No Variations]"
Add component (AddParameter): Name = "Publisher"; Value = "Altium Limited"; VariantName = "[No Variations]"
Added Component: Designator=S?(KEY)
Add component (AddParameter): Name = "LatestRevisionDate"; Value = "17-Jul-2002"; VariantName = "[No Variations]"
Add component (AddParameter): Name = "LatestRevisionNote"; Value = "Re-released for DXP Platform."; VariantName = "[No Variations]"
Add component (AddParameter): Name = "PackageDescription"; Value = "Switch; 2 Leads"; VariantName = "[No Variations]"
Add component (AddParameter): Name = "PackageReference"; Value = "SPST-2"; VariantName = "[No Variations]"
Add component (AddParameter): Name = "Published"; Value = "24-Mar-1999"; VariantName = "[No Variations]"
Add component (AddParameter): Name = "Publisher"; Value = "Altium Limited"; VariantName = "[No Variations]"
Added Component: Designator=S?(KEY)
Add component (AddParameter): Name = "LatestRevisionDate"; Value = "17-Jul-2002"; VariantName = "[No Variations]"
Add component (AddParameter): Name = "LatestRevisionNote"; Value = "Re-released for DXP Platform."; VariantName = "[No Variations]"
Add component (AddParameter): Name = "PackageDescription"; Value = "Switch; 2 Leads"; VariantName = "[No Variations]"
Add component (AddParameter): Name = "PackageReference"; Value = "SPST-2"; VariantName = "[No Variations]"
Add component (AddParameter): Name = "Published"; Value = "24-Mar-1999"; VariantName = "[No Variations]"
Add component (AddParameter): Name = "Publisher"; Value = "Altium Limited"; VariantName = "[No Variations]"
Added Component: Designator=S?(KEY)
Add component (AddParameter): Name = "LatestRevisionDate"; Value = "17-Jul-2002"; VariantName = "[No Variations]"
Add component (AddParameter): Name = "LatestRevisionNote"; Value = "Re-released for DXP Platform."; VariantName = "[No Variations]"
Add component (AddParameter): Name = "PackageDescription"; Value = "Switch; 2 Leads"; VariantName = "[No Variations]"
Add component (AddParameter): Name = "PackageReference"; Value = "SPST-2"; VariantName = "[No Variations]"
Add component (AddParameter): Name = "Published"; Value = "24-Mar-1999"; VariantName = "[No Variations]"
Add component (AddParameter): Name = "Publisher"; Value = "Altium Limited"; VariantName = "[No Variations]"
Added Component: Designator=U?(SOT223)
Add component (AddParameter): Name = "LatestRevisionDate"; Value = "17-Jul-2002"; VariantName = "[No Variations]"
Add component (AddParameter): Name = "LatestRevisionNote"; Value = "Re-released for DXP Platform."; VariantName = "[No Variations]"
Add component (AddParameter): Name = "Publisher"; Value = "Altium Limited"; VariantName = "[No Variations]"
Added Component: Designator=U?(SOT23-6)
Added Component: Designator=U?(LQFP48)
Added Component: Designator=Y?(XTAL-3225-4)
Add component (AddParameter): Name = "LatestRevisionDate"; Value = "17-Jul-2002"; VariantName = "[No Variations]"
Add component (AddParameter): Name = "LatestRevisionNote"; Value = "Re-released for DXP Platform."; VariantName = "[No Variations]"
Add component (AddParameter): Name = "PackageDescription"; Value = "Crystal, Thru-Hole; 2 Leads; Body 3.1 x 8.2 mm (Dia.xH)"; VariantName = "[No Variations]"
Add component (AddParameter): Name = "PackageReference"; Value = "R38"; VariantName = "[No Variations]"
Add component (AddParameter): Name = "Published"; Value = "8-Jun-2000"; VariantName = "[No Variations]"
Add component (AddParameter): Name = "Publisher"; Value = "Altium Limited"; VariantName = "[No Variations]"
Added Pin To Net: NetName=GND Pin=C?-1
Added Pin To Net: NetName=GND Pin=C?-1
Added Pin To Net: NetName=GND Pin=C?-1
Added Pin To Net: NetName=GND Pin=C?-1
Added Pin To Net: NetName=GND Pin=C?-1
Added Pin To Net: NetName=GND Pin=C?-1
Added Pin To Net: NetName=GND Pin=C?-1
Added Pin To Net: NetName=GND Pin=C?-1
Added Pin To Net: NetName=GND Pin=C?-1
Added Pin To Net: NetName=GND Pin=C?-1
Added Pin To Net: NetName=GND Pin=C?-1
Added Pin To Net: NetName=NetC?_2 Pin=C?-2
Added Pin To Net: NetName=USB5V-IN Pin=C?-2
Added Pin To Net: NetName=USB5V-IN Pin=C?-2
Added Pin To Net: NetName=VCC Pin=C?-2
Added Pin To Net: NetName=VCC Pin=C?-2
Added Pin To Net: NetName=VCC Pin=C?-2
Added Pin To Net: NetName=VCC Pin=C?-2
Added Pin To Net: NetName=VCC Pin=C?-2
Added Pin To Net: NetName=VCC Pin=C?-2
Added Pin To Net: NetName=GND Pin=J?-0
Added Pin To Net: NetName=GND Pin=J?-0
Added Pin To Net: NetName=GND Pin=J?-0
Added Pin To Net: NetName=GND Pin=J?-0
Added Pin To Net: NetName=GND Pin=J?-1
Added Pin To Net: NetName=USB5V-IN Pin=J?-4
Added Pin To Net: NetName=USB_DP Pin=J?-6
Added Pin To Net: NetName=USB_DM Pin=J?-7
Added Pin To Net: NetName=USB5V-IN Pin=J?-9
Added Pin To Net: NetName=GND Pin=J?-12
Added Pin To Net: NetName=GND Pin=J?-13
Added Pin To Net: NetName=USB5V-IN Pin=J?-16
Added Pin To Net: NetName=USB_DP Pin=J?-18
Added Pin To Net: NetName=USB_DM Pin=J?-19
Added Pin To Net: NetName=USB5V-IN Pin=J?-21
Added Pin To Net: NetName=GND Pin=J?-24
Added Pin To Net: NetName=VCC Pin=P?-1
Added Pin To Net: NetName=SWCLK Pin=P?-2
Added Pin To Net: NetName=SWDIO Pin=P?-3
Added Pin To Net: NetName=GND Pin=P?-4
Added Pin To Net: NetName=GND Pin=R?-1
Added Pin To Net: NetName=NetR?_1 Pin=R?-1
Added Pin To Net: NetName=NetR?_1 Pin=R?-1
Added Pin To Net: NetName=D+ Pin=R?-2
Added Pin To Net: NetName=D- Pin=R?-2
Added Pin To Net: NetName=VCC Pin=R?-2
Added Pin To Net: NetName=VCC Pin=R?-2
Added Pin To Net: NetName=H1 Pin=S?-1
Added Pin To Net: NetName=H1 Pin=S?-1
Added Pin To Net: NetName=H1 Pin=S?-1
Added Pin To Net: NetName=H2 Pin=S?-1
Added Pin To Net: NetName=H2 Pin=S?-1
Added Pin To Net: NetName=H2 Pin=S?-1
Added Pin To Net: NetName=H2 Pin=S?-1
Added Pin To Net: NetName=H3 Pin=S?-1
Added Pin To Net: NetName=H3 Pin=S?-1
Added Pin To Net: NetName=H3 Pin=S?-1
Added Pin To Net: NetName=L1 Pin=S?-2
Added Pin To Net: NetName=L1 Pin=S?-2
Added Pin To Net: NetName=L1 Pin=S?-2
Added Pin To Net: NetName=L2 Pin=S?-2
Added Pin To Net: NetName=L2 Pin=S?-2
Added Pin To Net: NetName=L2 Pin=S?-2
Added Pin To Net: NetName=L3 Pin=S?-2
Added Pin To Net: NetName=L4 Pin=S?-2
Added Pin To Net: NetName=L4 Pin=S?-2
Added Pin To Net: NetName=L4 Pin=S?-2
Added Pin To Net: NetName=GND Pin=U?-1
Added Pin To Net: NetName=USB_DP Pin=U?-1
Added Pin To Net: NetName=VCC Pin=U?-1
Added Pin To Net: NetName=GND Pin=U?-2
Added Pin To Net: NetName=VCC Pin=U?-2
Added Pin To Net: NetName=USB5V-IN Pin=U?-3
Added Pin To Net: NetName=USB_DM Pin=U?-3
Added Pin To Net: NetName=VCC Pin=U?-4
Added Pin To Net: NetName=USB5V-IN Pin=U?-5
Added Pin To Net: NetName=NetC?_2 Pin=U?-6
Added Pin To Net: NetName=NetR?_1 Pin=U?-6
Added Pin To Net: NetName=GND Pin=U?-8
Added Pin To Net: NetName=VCC Pin=U?-9
Added Pin To Net: NetName=L4 Pin=U?-13
Added Pin To Net: NetName=L3 Pin=U?-14
Added Pin To Net: NetName=L2 Pin=U?-15
Added Pin To Net: NetName=L1 Pin=U?-16
Added Pin To Net: NetName=GND Pin=U?-23
Added Pin To Net: NetName=VCC Pin=U?-24
Added Pin To Net: NetName=D- Pin=U?-32
Added Pin To Net: NetName=D+ Pin=U?-33
Added Pin To Net: NetName=SWDIO Pin=U?-34
Added Pin To Net: NetName=GND Pin=U?-35
Added Pin To Net: NetName=VCC Pin=U?-36
Added Pin To Net: NetName=SWCLK Pin=U?-37
Added Pin To Net: NetName=B4 Pin=U?-38
Added Pin To Net: NetName=B1 Pin=U?-39
Added Pin To Net: NetName=B2 Pin=U?-40
Added Pin To Net: NetName=B3 Pin=U?-41
Added Pin To Net: NetName=GND Pin=U?-44
Added Pin To Net: NetName=GND Pin=U?-47
Added Pin To Net: NetName=VCC Pin=U?-48
Added Pin To Net: NetName=NetC?_2 Pin=Y?-3
Added Member To Class: ClassName=练习4原理图 Member=Component C? 22PF
Added Member To Class: ClassName=练习4原理图 Member=Component C? 100NF
Added Member To Class: ClassName=练习4原理图 Member=Component C? 100NF
Added Member To Class: ClassName=练习4原理图 Member=Component C? 22PF
Added Member To Class: ClassName=练习4原理图 Member=Component C? 100NF
Added Member To Class: ClassName=练习4原理图 Member=Component C? 100NF
Added Member To Class: ClassName=练习4原理图 Member=Component C? 10UF
Added Member To Class: ClassName=练习4原理图 Member=Component C? 100NF
Added Member To Class: ClassName=练习4原理图 Member=Component C? 100NF
Added Member To Class: ClassName=练习4原理图 Member=Component C? 10UF
Added Member To Class: ClassName=练习4原理图 Member=Component C? 100NF
Added Member To Class: ClassName=练习4原理图 Member=Component J? TYPE-C_24
Added Member To Class: ClassName=练习4原理图 Member=Component P? SIP4
Added Member To Class: ClassName=练习4原理图 Member=Component R? 4.7K
Added Member To Class: ClassName=练习4原理图 Member=Component R? 1K
Added Member To Class: ClassName=练习4原理图 Member=Component R? 10R
Added Member To Class: ClassName=练习4原理图 Member=Component R? 4.7K
Added Member To Class: ClassName=练习4原理图 Member=Component R? 10R
Added Member To Class: ClassName=练习4原理图 Member=Component S? BUTTON2
Added Member To Class: ClassName=练习4原理图 Member=Component S? BUTTON2
Added Member To Class: ClassName=练习4原理图 Member=Component S? BUTTON2
Added Member To Class: ClassName=练习4原理图 Member=Component S? BUTTON2
Added Member To Class: ClassName=练习4原理图 Member=Component S? BUTTON2
Added Member To Class: ClassName=练习4原理图 Member=Component S? BUTTON2
Added Member To Class: ClassName=练习4原理图 Member=Component S? BUTTON2
Added Member To Class: ClassName=练习4原理图 Member=Component S? BUTTON2
Added Member To Class: ClassName=练习4原理图 Member=Component S? BUTTON2
Added Member To Class: ClassName=练习4原理图 Member=Component S? BUTTON2
Added Member To Class: ClassName=练习4原理图 Member=Component U? LM1117-3.3
Added Member To Class: ClassName=练习4原理图 Member=Component U? USBLC6-2
Added Member To Class: ClassName=练习4原理图 Member=Component U? STM32F103-48
Added Member To Class: ClassName=练习4原理图 Member=Component Y? 8M
Added Room: Name=练习4原理图
