Added Component: Designator=P?(SIP4)
Add component (AddParameter): Name = "LatestRevisionDate"; Value = "17-Jul-2002"; VariantName = "[No Variations]"
Add component (AddParameter): Name = "LatestRevisionNote"; Value = "Re-released for DXP Platform."; VariantName = "[No Variations]"
Add component (AddParameter): Name = "Publisher"; Value = "Altium Limited"; VariantName = "[No Variations]"
Added Component: Designator=S?(KEY)
Add component (AddParameter): Name = "LatestRevisionDate"; Value = "17-Jul-2002"; VariantName = "[No Variations]"
Add component (AddParameter): Name = "LatestRevisionNote"; Value = "Re-released for DXP Platform."; VariantName = "[No Variations]"
Add component (AddParameter): Name = "PackageDescription"; Value = "Switch; 2 Leads"; VariantName = "[No Variations]"
Add component (AddParameter): Name = "PackageReference"; Value = "SPST-2"; VariantName = "[No Variations]"
Add component (AddParameter): Name = "Published"; Value = "24-Mar-1999"; VariantName = "[No Variations]"
Add component (AddParameter): Name = "Publisher"; Value = "Altium Limited"; VariantName = "[No Variations]"
Added Component: Designator=S?(KEY)
Add component (AddParameter): Name = "LatestRevisionDate"; Value = "17-Jul-2002"; VariantName = "[No Variations]"
Add component (AddParameter): Name = "LatestRevisionNote"; Value = "Re-released for DXP Platform."; VariantName = "[No Variations]"
Add component (AddParameter): Name = "PackageDescription"; Value = "Switch; 2 Leads"; VariantName = "[No Variations]"
Add component (AddParameter): Name = "PackageReference"; Value = "SPST-2"; VariantName = "[No Variations]"
Add component (AddParameter): Name = "Published"; Value = "24-Mar-1999"; VariantName = "[No Variations]"
Add component (AddParameter): Name = "Publisher"; Value = "Altium Limited"; VariantName = "[No Variations]"
Added Component: Designator=S?(KEY)
Add component (AddParameter): Name = "LatestRevisionDate"; Value = "17-Jul-2002"; VariantName = "[No Variations]"
Add component (AddParameter): Name = "LatestRevisionNote"; Value = "Re-released for DXP Platform."; VariantName = "[No Variations]"
Add component (AddParameter): Name = "PackageDescription"; Value = "Switch; 2 Leads"; VariantName = "[No Variations]"
Add component (AddParameter): Name = "PackageReference"; Value = "SPST-2"; VariantName = "[No Variations]"
Add component (AddParameter): Name = "Published"; Value = "24-Mar-1999"; VariantName = "[No Variations]"
Add component (AddParameter): Name = "Publisher"; Value = "Altium Limited"; VariantName = "[No Variations]"
Added Component: Designator=S?(KEY)
Add component (AddParameter): Name = "LatestRevisionDate"; Value = "17-Jul-2002"; VariantName = "[No Variations]"
Add component (AddParameter): Name = "LatestRevisionNote"; Value = "Re-released for DXP Platform."; VariantName = "[No Variations]"
Add component (AddParameter): Name = "PackageDescription"; Value = "Switch; 2 Leads"; VariantName = "[No Variations]"
Add component (AddParameter): Name = "PackageReference"; Value = "SPST-2"; VariantName = "[No Variations]"
Add component (AddParameter): Name = "Published"; Value = "24-Mar-1999"; VariantName = "[No Variations]"
Add component (AddParameter): Name = "Publisher"; Value = "Altium Limited"; VariantName = "[No Variations]"
Added Component: Designator=S?(KEY)
Add component (AddParameter): Name = "LatestRevisionDate"; Value = "17-Jul-2002"; VariantName = "[No Variations]"
Add component (AddParameter): Name = "LatestRevisionNote"; Value = "Re-released for DXP Platform."; VariantName = "[No Variations]"
Add component (AddParameter): Name = "PackageDescription"; Value = "Switch; 2 Leads"; VariantName = "[No Variations]"
Add component (AddParameter): Name = "PackageReference"; Value = "SPST-2"; VariantName = "[No Variations]"
Add component (AddParameter): Name = "Published"; Value = "24-Mar-1999"; VariantName = "[No Variations]"
Add component (AddParameter): Name = "Publisher"; Value = "Altium Limited"; VariantName = "[No Variations]"
Added Component: Designator=S?(KEY)
Add component (AddParameter): Name = "LatestRevisionDate"; Value = "17-Jul-2002"; VariantName = "[No Variations]"
Add component (AddParameter): Name = "LatestRevisionNote"; Value = "Re-released for DXP Platform."; VariantName = "[No Variations]"
Add component (AddParameter): Name = "PackageDescription"; Value = "Switch; 2 Leads"; VariantName = "[No Variations]"
Add component (AddParameter): Name = "PackageReference"; Value = "SPST-2"; VariantName = "[No Variations]"
Add component (AddParameter): Name = "Published"; Value = "24-Mar-1999"; VariantName = "[No Variations]"
Add component (AddParameter): Name = "Publisher"; Value = "Altium Limited"; VariantName = "[No Variations]"
Added Component: Designator=S?(KEY)
Add component (AddParameter): Name = "LatestRevisionDate"; Value = "17-Jul-2002"; VariantName = "[No Variations]"
Add component (AddParameter): Name = "LatestRevisionNote"; Value = "Re-released for DXP Platform."; VariantName = "[No Variations]"
Add component (AddParameter): Name = "PackageDescription"; Value = "Switch; 2 Leads"; VariantName = "[No Variations]"
Add component (AddParameter): Name = "PackageReference"; Value = "SPST-2"; VariantName = "[No Variations]"
Add component (AddParameter): Name = "Published"; Value = "24-Mar-1999"; VariantName = "[No Variations]"
Add component (AddParameter): Name = "Publisher"; Value = "Altium Limited"; VariantName = "[No Variations]"
Added Component: Designator=S?(KEY)
Add component (AddParameter): Name = "LatestRevisionDate"; Value = "17-Jul-2002"; VariantName = "[No Variations]"
Add component (AddParameter): Name = "LatestRevisionNote"; Value = "Re-released for DXP Platform."; VariantName = "[No Variations]"
Add component (AddParameter): Name = "PackageDescription"; Value = "Switch; 2 Leads"; VariantName = "[No Variations]"
Add component (AddParameter): Name = "PackageReference"; Value = "SPST-2"; VariantName = "[No Variations]"
Add component (AddParameter): Name = "Published"; Value = "24-Mar-1999"; VariantName = "[No Variations]"
Add component (AddParameter): Name = "Publisher"; Value = "Altium Limited"; VariantName = "[No Variations]"
Added Component: Designator=S?(KEY)
Add component (AddParameter): Name = "LatestRevisionDate"; Value = "17-Jul-2002"; VariantName = "[No Variations]"
Add component (AddParameter): Name = "LatestRevisionNote"; Value = "Re-released for DXP Platform."; VariantName = "[No Variations]"
Add component (AddParameter): Name = "PackageDescription"; Value = "Switch; 2 Leads"; VariantName = "[No Variations]"
Add component (AddParameter): Name = "PackageReference"; Value = "SPST-2"; VariantName = "[No Variations]"
Add component (AddParameter): Name = "Published"; Value = "24-Mar-1999"; VariantName = "[No Variations]"
Add component (AddParameter): Name = "Publisher"; Value = "Altium Limited"; VariantName = "[No Variations]"
Added Component: Designator=U?(SOT223)
Add component (AddParameter): Name = "LatestRevisionDate"; Value = "17-Jul-2002"; VariantName = "[No Variations]"
Add component (AddParameter): Name = "LatestRevisionNote"; Value = "Re-released for DXP Platform."; VariantName = "[No Variations]"
Add component (AddParameter): Name = "Publisher"; Value = "Altium Limited"; VariantName = "[No Variations]"
Added Component: Designator=U?(SOT23-6)
Added Pin To Net: NetName=VCC Pin=P?-1
Added Pin To Net: NetName=SWCLK Pin=P?-2
Added Pin To Net: NetName=SWDIO Pin=P?-3
Added Pin To Net: NetName=GND Pin=P?-4
Added Pin To Net: NetName=H1 Pin=S?-1
Added Pin To Net: NetName=H1 Pin=S?-1
Added Pin To Net: NetName=H1 Pin=S?-1
Added Pin To Net: NetName=H1 Pin=S?-1
Added Pin To Net: NetName=H1 Pin=S?-1
Added Pin To Net: NetName=H1 Pin=S?-1
Added Pin To Net: NetName=H2 Pin=S?-1
Added Pin To Net: NetName=H2 Pin=S?-1
Added Pin To Net: NetName=H2 Pin=S?-1
Added Pin To Net: NetName=H2 Pin=S?-1
Added Pin To Net: NetName=H2 Pin=S?-1
Added Pin To Net: NetName=H2 Pin=S?-1
Added Pin To Net: NetName=H2 Pin=S?-1
Added Pin To Net: NetName=H2 Pin=S?-1
Added Pin To Net: NetName=H3 Pin=S?-1
Added Pin To Net: NetName=H3 Pin=S?-1
Added Pin To Net: NetName=H3 Pin=S?-1
Added Pin To Net: NetName=H3 Pin=S?-1
Added Pin To Net: NetName=H3 Pin=S?-1
Added Pin To Net: NetName=H3 Pin=S?-1
Added Pin To Net: NetName=L1 Pin=S?-2
Added Pin To Net: NetName=L1 Pin=S?-2
Added Pin To Net: NetName=L1 Pin=S?-2
Added Pin To Net: NetName=L1 Pin=S?-2
Added Pin To Net: NetName=L1 Pin=S?-2
Added Pin To Net: NetName=L1 Pin=S?-2
Added Pin To Net: NetName=L2 Pin=S?-2
Added Pin To Net: NetName=L2 Pin=S?-2
Added Pin To Net: NetName=L2 Pin=S?-2
Added Pin To Net: NetName=L2 Pin=S?-2
Added Pin To Net: NetName=L2 Pin=S?-2
Added Pin To Net: NetName=L2 Pin=S?-2
Added Pin To Net: NetName=L3 Pin=S?-2
Added Pin To Net: NetName=L3 Pin=S?-2
Added Pin To Net: NetName=L4 Pin=S?-2
Added Pin To Net: NetName=L4 Pin=S?-2
Added Pin To Net: NetName=L4 Pin=S?-2
Added Pin To Net: NetName=L4 Pin=S?-2
Added Pin To Net: NetName=L4 Pin=S?-2
Added Pin To Net: NetName=L4 Pin=S?-2
Added Pin To Net: NetName=GND Pin=U?-1
Added Pin To Net: NetName=USB_DP Pin=U?-1
Added Pin To Net: NetName=VCC Pin=U?-1
Added Pin To Net: NetName=GND Pin=U?-2
Added Pin To Net: NetName=VCC Pin=U?-2
Added Pin To Net: NetName=USB5V-IN Pin=U?-3
Added Pin To Net: NetName=USB_DM Pin=U?-3
Added Pin To Net: NetName=VCC Pin=U?-4
Added Pin To Net: NetName=USB5V-IN Pin=U?-5
Added Pin To Net: NetName=NetC?_2 Pin=U?-6
Added Pin To Net: NetName=NetR?_1 Pin=U?-6
Added Member To Class: ClassName=练习4原理图 Member=Component P? SIP4
Added Member To Class: ClassName=练习4原理图 Member=Component S? BUTTON2
Added Member To Class: ClassName=练习4原理图 Member=Component S? BUTTON2
Added Member To Class: ClassName=练习4原理图 Member=Component S? BUTTON2
Added Member To Class: ClassName=练习4原理图 Member=Component S? BUTTON2
Added Member To Class: ClassName=练习4原理图 Member=Component S? BUTTON2
Added Member To Class: ClassName=练习4原理图 Member=Component S? BUTTON2
Added Member To Class: ClassName=练习4原理图 Member=Component S? BUTTON2
Added Member To Class: ClassName=练习4原理图 Member=Component S? BUTTON2
Added Member To Class: ClassName=练习4原理图 Member=Component S? BUTTON2
Added Member To Class: ClassName=练习4原理图 Member=Component S? BUTTON2
Added Member To Class: ClassName=练习4原理图 Member=Component U? LM1117-3.3
Added Member To Class: ClassName=练习4原理图 Member=Component U? STM32F103-48
Added Member To Class: ClassName=练习4原理图 Member=Component U? USBLC6-2
Added Room: Name=练习4原理图
