Change Component Footprint: Designator=U1 Old Footprint=CD4511 New Footprint=DIP16
Added Component: Designator=U2(LED8)
Added Pin To Net: NetName=NetD1_A Pin=U1-1
Added Pin To Net: NetName=NetD2_A Pin=U1-2
Added Pin To Net: NetName=VCC Pin=U1-3
Added Pin To Net: NetName=NetR9_1 Pin=U1-4
Added Pin To Net: NetName=NetD13_K Pin=U1-5
Added Pin To Net: NetName=NetD4_A Pin=U1-6
Added Pin To Net: NetName=NetD3_A Pin=U1-7
Added Pin To Net: NetName=GND Pin=U1-8
Added Pin To Net: NetName=NetU1_9 Pin=U1-9
Added Pin To Net: NetName=NetR12_1 Pin=U1-10
Added Pin To Net: NetName=NetU1_11 Pin=U1-11
Added Pin To Net: NetName=NetR13_2 Pin=U1-12
Added Pin To Net: NetName=NetU1_13 Pin=U1-13
Added Pin To Net: NetName=NetD13_A Pin=U1-14
Added Pin To Net: NetName=NetU1_15 Pin=U1-15
Added Pin To Net: NetName=VCC Pin=U1-16
Added Pin To Net: NetName=NetU1_13 Pin=U2-1
Added Pin To Net: NetName=NetR13_2 Pin=U2-2
Added Pin To Net: NetName=NetU1_11 Pin=U2-3
Added Pin To Net: NetName=NetR12_1 Pin=U2-4
Added Pin To Net: NetName=NetU1_9 Pin=U2-5
Added Pin To Net: NetName=NetU1_15 Pin=U2-6
Added Pin To Net: NetName=NetD13_A Pin=U2-7
Added Pin To Net: NetName=NetR4_2 Pin=U2-9
Added Pin To Net: NetName=NetR4_2 Pin=U2-10
Added Member To Class: ClassName=Sheet1 Member=Component U2 LED8
