Added Component: Designator=C1(RB.1/.2)
Added Component: Designator=C2(RAD0.1)
Added Component: Designator=D1(DIODE0.3)
Added Component: Designator=D2(DIODE0.3)
Added Component: Designator=D3(DIODE0.3)
Added Component: Designator=D4(DIODE0.3)
Added Component: Designator=D5(DIODE0.3)
Added Component: Designator=D6(DIODE0.3)
Added Component: Designator=D7(DIODE0.3)
Added Component: Designator=D8(DIODE0.3)
Added Component: Designator=D9(DIODE0.3)
Added Component: Designator=D10(DIODE0.3)
Added Component: Designator=D11(DIODE0.3)
Added Component: Designator=D12(DIODE0.3)
Added Component: Designator=D13(DIODE0.3)
Added Component: Designator=D14(DIODE0.3)
Added Component: Designator=D15(DIODE0.3)
Added Component: Designator=J1(SIP4)
Added Component: Designator=LS1(H)
Added Component: Designator=Q1(TO-92C)
Added Component: Designator=R1(AXIAL0.3)
Added Component: Designator=R2(AXIAL0.3)
Added Component: Designator=R3(AXIAL0.3)
Added Component: Designator=R4(AXIAL0.3)
Added Component: Designator=R9(AXIAL0.3)
Added Component: Designator=R12(AXIAL0.3)
Added Component: Designator=R13(AXIAL0.3)
Added Component: Designator=R14(AXIAL0.3)
Added Component: Designator=R15(AXIAL0.3)
Added Component: Designator=S1(SWPB)
Added Component: Designator=S2(SWPB)
Added Component: Designator=S3(SWPB)
Added Component: Designator=S4(SWPB)
Added Component: Designator=S5(SWPB)
Added Component: Designator=S6(SWPB)
Added Component: Designator=S7(SWPB)
Added Component: Designator=S8(SWPB)
Added Component: Designator=S9(SWPB)
Added Component: Designator=U1(CD4511)
Added Pin To Net: NetName=GND Pin=C1-2
Added Pin To Net: NetName=GND Pin=C2-2
Added Pin To Net: NetName=GND Pin=J1-3
Added Pin To Net: NetName=GND Pin=J1-4
Added Pin To Net: NetName=GND Pin=LS1-2
Added Pin To Net: NetName=GND Pin=Q1-E
Added Pin To Net: NetName=GND Pin=R1-1
Added Pin To Net: NetName=GND Pin=R2-1
Added Pin To Net: NetName=GND Pin=R3-2
Added Pin To Net: NetName=GND Pin=R4-1
Added Pin To Net: NetName=GND Pin=R14-1
Added Pin To Net: NetName=GND Pin=R15-2
Added Pin To Net: NetName=GND Pin=S9-1
Added Pin To Net: NetName=GND Pin=S9-3
Added Net: Name=GND
Added Pin To Net: NetName=NetD1_A Pin=D1-A
Added Pin To Net: NetName=NetD1_A Pin=D6-K
Added Pin To Net: NetName=NetD1_A Pin=D9-K
Added Pin To Net: NetName=NetD1_A Pin=D12-K
Added Pin To Net: NetName=NetD1_A Pin=R2-2
Added Pin To Net: NetName=NetD1_A Pin=S2-2
Added Pin To Net: NetName=NetD1_A Pin=S2-4
Added Net: Name=NetD1_A
Added Pin To Net: NetName=NetD1_K Pin=D1-K
Added Pin To Net: NetName=NetD1_K Pin=D2-K
Added Pin To Net: NetName=NetD1_K Pin=D3-K
Added Pin To Net: NetName=NetD1_K Pin=D4-K
Added Pin To Net: NetName=NetD1_K Pin=LS1-1
Added Net: Name=NetD1_K
Added Pin To Net: NetName=NetD2_A Pin=D2-A
Added Pin To Net: NetName=NetD2_A Pin=D7-K
Added Pin To Net: NetName=NetD2_A Pin=D10-K
Added Pin To Net: NetName=NetD2_A Pin=D14-K
Added Pin To Net: NetName=NetD2_A Pin=R3-1
Added Pin To Net: NetName=NetD2_A Pin=S4-2
Added Pin To Net: NetName=NetD2_A Pin=S4-4
Added Net: Name=NetD2_A
Added Pin To Net: NetName=NetD3_A Pin=D3-A
Added Pin To Net: NetName=NetD3_A Pin=D5-K
Added Pin To Net: NetName=NetD3_A Pin=D8-K
Added Pin To Net: NetName=NetD3_A Pin=D11-K
Added Pin To Net: NetName=NetD3_A Pin=R1-2
Added Pin To Net: NetName=NetD3_A Pin=S1-2
Added Pin To Net: NetName=NetD3_A Pin=S1-4
Added Net: Name=NetD3_A
Added Pin To Net: NetName=NetD4_A Pin=D4-A
Added Pin To Net: NetName=NetD4_A Pin=R15-1
Added Pin To Net: NetName=NetD4_A Pin=S8-2
Added Pin To Net: NetName=NetD4_A Pin=S8-4
Added Net: Name=NetD4_A
Added Pin To Net: NetName=NetD5_A Pin=D5-A
Added Pin To Net: NetName=NetD5_A Pin=D6-A
Added Pin To Net: NetName=NetD5_A Pin=S3-2
Added Pin To Net: NetName=NetD5_A Pin=S3-4
Added Net: Name=NetD5_A
Added Pin To Net: NetName=NetD7_A Pin=D7-A
Added Pin To Net: NetName=NetD7_A Pin=D8-A
Added Pin To Net: NetName=NetD7_A Pin=S5-2
Added Pin To Net: NetName=NetD7_A Pin=S5-4
Added Net: Name=NetD7_A
Added Pin To Net: NetName=NetD9_A Pin=D9-A
Added Pin To Net: NetName=NetD9_A Pin=D10-A
Added Pin To Net: NetName=NetD9_A Pin=S6-2
Added Pin To Net: NetName=NetD9_A Pin=S6-4
Added Net: Name=NetD9_A
Added Pin To Net: NetName=NetD11_A Pin=D11-A
Added Pin To Net: NetName=NetD11_A Pin=D12-A
Added Pin To Net: NetName=NetD11_A Pin=D14-A
Added Pin To Net: NetName=NetD11_A Pin=S7-2
Added Pin To Net: NetName=NetD11_A Pin=S7-4
Added Net: Name=NetD11_A
Added Pin To Net: NetName=NetD13_A Pin=D13-A
Added Net: Name=NetD13_A
Added Pin To Net: NetName=NetD13_K Pin=D13-K
Added Pin To Net: NetName=NetD13_K Pin=D15-K
Added Pin To Net: NetName=NetD13_K Pin=R14-2
Added Net: Name=NetD13_K
Added Pin To Net: NetName=NetD15_A Pin=D15-A
Added Pin To Net: NetName=NetD15_A Pin=Q1-C
Added Pin To Net: NetName=NetD15_A Pin=R13-1
Added Net: Name=NetD15_A
Added Pin To Net: NetName=NetQ1_B Pin=Q1-B
Added Pin To Net: NetName=NetQ1_B Pin=R12-2
Added Net: Name=NetQ1_B
Added Pin To Net: NetName=NetR4_2 Pin=R4-2
Added Net: Name=NetR4_2
Added Pin To Net: NetName=NetR9_1 Pin=R9-1
Added Pin To Net: NetName=NetR9_1 Pin=S9-2
Added Pin To Net: NetName=NetR9_1 Pin=S9-4
Added Net: Name=NetR9_1
Added Pin To Net: NetName=NetR12_1 Pin=R12-1
Added Net: Name=NetR12_1
Added Pin To Net: NetName=NetR13_2 Pin=R13-2
Added Net: Name=NetR13_2
Added Net: Name=NetU1_9
Added Net: Name=NetU1_11
Added Net: Name=NetU1_13
Added Net: Name=NetU1_15
Added Pin To Net: NetName=VCC Pin=C1-1
Added Pin To Net: NetName=VCC Pin=C2-1
Added Pin To Net: NetName=VCC Pin=J1-1
Added Pin To Net: NetName=VCC Pin=J1-2
Added Pin To Net: NetName=VCC Pin=R9-2
Added Pin To Net: NetName=VCC Pin=S1-1
Added Pin To Net: NetName=VCC Pin=S1-3
Added Pin To Net: NetName=VCC Pin=S2-1
Added Pin To Net: NetName=VCC Pin=S2-3
Added Pin To Net: NetName=VCC Pin=S3-1
Added Pin To Net: NetName=VCC Pin=S3-3
Added Pin To Net: NetName=VCC Pin=S4-1
Added Pin To Net: NetName=VCC Pin=S4-3
Added Pin To Net: NetName=VCC Pin=S5-1
Added Pin To Net: NetName=VCC Pin=S5-3
Added Pin To Net: NetName=VCC Pin=S6-1
Added Pin To Net: NetName=VCC Pin=S6-3
Added Pin To Net: NetName=VCC Pin=S7-1
Added Pin To Net: NetName=VCC Pin=S7-3
Added Pin To Net: NetName=VCC Pin=S8-1
Added Pin To Net: NetName=VCC Pin=S8-3
Added Net: Name=VCC
Added Member To Class: ClassName=Sheet1 Member=Component C1 10uf
Added Member To Class: ClassName=Sheet1 Member=Component C2 104
Added Member To Class: ClassName=Sheet1 Member=Component D1 IN4148
Added Member To Class: ClassName=Sheet1 Member=Component D2 IN4148
Added Member To Class: ClassName=Sheet1 Member=Component D3 IN4148
Added Member To Class: ClassName=Sheet1 Member=Component D4 IN4148
Added Member To Class: ClassName=Sheet1 Member=Component D5 IN4148
Added Member To Class: ClassName=Sheet1 Member=Component D6 IN4148
Added Member To Class: ClassName=Sheet1 Member=Component D7 IN4148
Added Member To Class: ClassName=Sheet1 Member=Component D8 IN4148
Added Member To Class: ClassName=Sheet1 Member=Component D9 IN4148
Added Member To Class: ClassName=Sheet1 Member=Component D10 IN4148
Added Member To Class: ClassName=Sheet1 Member=Component D11 IN4148
Added Member To Class: ClassName=Sheet1 Member=Component D12 IN4148
Added Member To Class: ClassName=Sheet1 Member=Component D13 IN4148
Added Member To Class: ClassName=Sheet1 Member=Component D14 IN4148
Added Member To Class: ClassName=Sheet1 Member=Component D15 IN4148
Added Member To Class: ClassName=Sheet1 Member=Component J1 CON4
Added Member To Class: ClassName=Sheet1 Member=Component LS1 SPEAKER
Added Member To Class: ClassName=Sheet1 Member=Component Q1 NPN-8050
Added Member To Class: ClassName=Sheet1 Member=Component R1 10k
Added Member To Class: ClassName=Sheet1 Member=Component R2 10k
Added Member To Class: ClassName=Sheet1 Member=Component R3 10k
Added Member To Class: ClassName=Sheet1 Member=Component R4 200
Added Member To Class: ClassName=Sheet1 Member=Component R9 10k
Added Member To Class: ClassName=Sheet1 Member=Component R12 100k
Added Member To Class: ClassName=Sheet1 Member=Component R13 1k
Added Member To Class: ClassName=Sheet1 Member=Component R14 10k
Added Member To Class: ClassName=Sheet1 Member=Component R15 10k
Added Member To Class: ClassName=Sheet1 Member=Component S1 SW-PB
Added Member To Class: ClassName=Sheet1 Member=Component S2 SW-PB
Added Member To Class: ClassName=Sheet1 Member=Component S3 SW-PB
Added Member To Class: ClassName=Sheet1 Member=Component S4 SW-PB
Added Member To Class: ClassName=Sheet1 Member=Component S5 SW-PB
Added Member To Class: ClassName=Sheet1 Member=Component S6 SW-PB
Added Member To Class: ClassName=Sheet1 Member=Component S7 SW-PB
Added Member To Class: ClassName=Sheet1 Member=Component S8 SW-PB
Added Member To Class: ClassName=Sheet1 Member=Component S9 SW-PB
Added Member To Class: ClassName=Sheet1 Member=Component U1 CD4511
Added Room: Name=Sheet1
